<?xml version="1.0" encoding="UTF-8"?>
<robot generator="Robot 7.4.2 (Python 3.14.3 on win32)" generated="2026-04-08T19:38:18.686216" rpa="false" schemaversion="5">
<suite id="s1" name="Movies" source="C:\Users\jeniffer.neves\source\repos\API_CineTicket_Jeniffer_Ferraz\API_CineTicket\vs-code_robot\movies.robot">
<test id="s1-t1" name="Criar Filme" line="11">
<kw name="Create Session" owner="RequestsLibrary">
<msg time="2026-04-08T19:38:18.934547" level="INFO">Creating Session using : alias=api, url=http://localhost:3000, headers={},                     cookies={}, auth=None, timeout=None, proxies=None, verify=False,                     debug=0 </msg>
<arg>api</arg>
<arg>${BASE_URL}</arg>
<doc>Create Session: create a HTTP session to a server</doc>
<status status="PASS" start="2026-04-08T19:38:18.934355" elapsed="0.000590"/>
</kw>
<kw name="Generate Random String" owner="String">
<msg time="2026-04-08T19:38:18.935909" level="INFO">${random} = 97483</msg>
<var>${random}</var>
<arg>5</arg>
<arg>0123456789</arg>
<doc>Generates a string with a desired ``length`` from the given ``chars``.</doc>
<status status="PASS" start="2026-04-08T19:38:18.935659" elapsed="0.000269"/>
</kw>
<kw name="Set Variable" owner="BuiltIn">
<msg time="2026-04-08T19:38:18.936739" level="INFO">${email} = admin_97483@email.com</msg>
<var>${email}</var>
<arg>admin_${random}@email.com</arg>
<doc>Returns the given values which can then be assigned to a variables.</doc>
<status status="PASS" start="2026-04-08T19:38:18.936492" elapsed="0.000264"/>
</kw>
<kw name="Create Dictionary" owner="BuiltIn">
<msg time="2026-04-08T19:38:18.937630" level="INFO">${admin_body} = {'name': 'Admin User', 'email': 'admin_97483@email.com', 'password': 'admin123'}</msg>
<var>${admin_body}</var>
<arg>name=Admin User</arg>
<arg>email=${email}</arg>
<arg>password=admin123</arg>
<doc>Creates and returns a dictionary based on the given ``items``.</doc>
<status status="PASS" start="2026-04-08T19:38:18.937293" elapsed="0.000354"/>
</kw>
<kw name="POST On Session" owner="RequestsLibrary">
<msg time="2026-04-08T19:38:19.131485" level="INFO">POST Request : url=http://localhost:3000/api/v1/setup/admin 
 path_url=/api/v1/setup/admin 
 headers={'User-Agent': 'python-requests/2.33.1', 'Accept-Encoding': 'gzip, deflate, zstd', 'Accept': '*/*', 'Connection': 'keep-alive', 'Content-Length': '80', 'Content-Type': 'application/json'} 
 body=b'{"name": "Admin User", "email": "admin_97483@email.com", "password": "admin123"}' 
 </msg>
<msg time="2026-04-08T19:38:19.131727" level="INFO">POST Response : url=http://localhost:3000/api/v1/setup/admin 
 status=201, reason=Created 
 headers={'X-Powered-By': 'Express', 'Access-Control-Allow-Origin': '*', 'Content-Type': 'application/json; charset=utf-8', 'Content-Length': '169', 'ETag': 'W/"a9-p/OKNI7vXBkxuNRssLTiFcLyTC4"', 'Date': 'Wed, 08 Apr 2026 22:38:19 GMT', 'Connection': 'keep-alive', 'Keep-Alive': 'timeout=5'} 
 body={"success":true,"message":"Admin user created successfully","data":{"_id":"69d6d8daddcb597b4bb7a18e","name":"Admin User","email":"admin_97483@email.com","role":"admin"}} 
 </msg>
<arg>api</arg>
<arg>/api/v1/setup/admin</arg>
<arg>json=${admin_body}</arg>
<doc>Sends a POST request on a previously created HTTP Session.</doc>
<status status="PASS" start="2026-04-08T19:38:18.938242" elapsed="0.193624"/>
</kw>
<kw name="Create Dictionary" owner="BuiltIn">
<msg time="2026-04-08T19:38:19.133470" level="INFO">${login_body} = {'email': 'admin_97483@email.com', 'password': 'admin123'}</msg>
<var>${login_body}</var>
<arg>email=${email}</arg>
<arg>password=admin123</arg>
<doc>Creates and returns a dictionary based on the given ``items``.</doc>
<status status="PASS" start="2026-04-08T19:38:19.132669" elapsed="0.000848"/>
</kw>
<kw name="POST On Session" owner="RequestsLibrary">
<msg time="2026-04-08T19:38:19.279429" level="INFO">POST Request : url=http://localhost:3000/api/v1/auth/login 
 path_url=/api/v1/auth/login 
 headers={'User-Agent': 'python-requests/2.33.1', 'Accept-Encoding': 'gzip, deflate, zstd', 'Accept': '*/*', 'Connection': 'keep-alive', 'Content-Length': '58', 'Content-Type': 'application/json'} 
 body=b'{"email": "admin_97483@email.com", "password": "admin123"}' 
 </msg>
<msg time="2026-04-08T19:38:19.279499" level="INFO">POST Response : url=http://localhost:3000/api/v1/auth/login 
 status=200, reason=OK 
 headers={'X-Powered-By': 'Express', 'Access-Control-Allow-Origin': '*', 'Content-Type': 'application/json; charset=utf-8', 'Content-Length': '307', 'ETag': 'W/"133-U+1QZw32rLlhn7YCKKV2DISGUG4"', 'Date': 'Wed, 08 Apr 2026 22:38:19 GMT', 'Connection': 'keep-alive', 'Keep-Alive': 'timeout=5'} 
 body={"success":true,"data":{"_id":"69d6d8daddcb597b4bb7a18e","name":"Admin User","email":"admin_97483@email.com","role":"admin","token":"eyJhbGciOiJIUzI1NiIsInR5cCI6IkpXVCJ9.eyJpZCI6IjY5ZDZkOGRhZGRjYjU5N2I0YmI3YTE4ZSIsImlhdCI6MTc3NTY4Nzg5OSwiZXhwIjoxNzc1Nzc0Mjk5fQ.EztzCGhC19-YPYuFuUlH83NxXorZrEeibUy1KTXv5lc"}} 
 </msg>
<msg time="2026-04-08T19:38:19.279616" level="INFO">${response} = &lt;Response [200]&gt;</msg>
<var>${response}</var>
<arg>api</arg>
<arg>/api/v1/auth/login</arg>
<arg>json=${login_body}</arg>
<doc>Sends a POST request on a previously created HTTP Session.</doc>
<status status="PASS" start="2026-04-08T19:38:19.134241" elapsed="0.145391"/>
</kw>
<kw name="Set Variable" owner="BuiltIn">
<msg time="2026-04-08T19:38:19.280722" level="INFO">${json} = {'success': True, 'data': {'_id': '69d6d8daddcb597b4bb7a18e', 'name': 'Admin User', 'email': 'admin_97483@email.com', 'role': 'admin', 'token': 'eyJhbGciOiJIUzI1NiIsInR5cCI6IkpXVCJ9.eyJpZCI6IjY5ZDZkOG...</msg>
<var>${json}</var>
<arg>${response.json()}</arg>
<doc>Returns the given values which can then be assigned to a variables.</doc>
<status status="PASS" start="2026-04-08T19:38:19.280148" elapsed="0.000595"/>
</kw>
<kw name="Set Variable" owner="BuiltIn">
<msg time="2026-04-08T19:38:19.281619" level="INFO">${token} = eyJhbGciOiJIUzI1NiIsInR5cCI6IkpXVCJ9.eyJpZCI6IjY5ZDZkOGRhZGRjYjU5N2I0YmI3YTE4ZSIsImlhdCI6MTc3NTY4Nzg5OSwiZXhwIjoxNzc1Nzc0Mjk5fQ.EztzCGhC19-YPYuFuUlH83NxXorZrEeibUy1KTXv5lc</msg>
<var>${token}</var>
<arg>${json['data']['token']}</arg>
<doc>Returns the given values which can then be assigned to a variables.</doc>
<status status="PASS" start="2026-04-08T19:38:19.281225" elapsed="0.000412"/>
</kw>
<kw name="Create Dictionary" owner="BuiltIn">
<msg time="2026-04-08T19:38:19.283473" level="INFO">${headers} = {'Authorization': 'Bearer eyJhbGciOiJIUzI1NiIsInR5cCI6IkpXVCJ9.eyJpZCI6IjY5ZDZkOGRhZGRjYjU5N2I0YmI3YTE4ZSIsImlhdCI6MTc3NTY4Nzg5OSwiZXhwIjoxNzc1Nzc0Mjk5fQ.EztzCGhC19-YPYuFuUlH83NxXorZrEeibUy1KTXv5lc'}</msg>
<var>${headers}</var>
<arg>Authorization=Bearer ${token}</arg>
<doc>Creates and returns a dictionary based on the given ``items``.</doc>
<status status="PASS" start="2026-04-08T19:38:19.283155" elapsed="0.000339"/>
</kw>
<kw name="Create List" owner="BuiltIn">
<msg time="2026-04-08T19:38:19.284129" level="INFO">${genres} = ['Drama']</msg>
<var>${genres}</var>
<arg>Drama</arg>
<doc>Returns a list containing given items.</doc>
<status status="PASS" start="2026-04-08T19:38:19.283928" elapsed="0.000218"/>
</kw>
<kw name="Create Dictionary" owner="BuiltIn">
<msg time="2026-04-08T19:38:19.284654" level="INFO">${movie} = {'title': 'Filme Teste', 'synopsis': 'Um filme de teste automatizado', 'director': 'Diretor Teste', 'genres': ['Drama'], 'duration': '120', 'classification': '16', 'poster': 'teste.jpg', 'releaseDate'...</msg>
<var>${movie}</var>
<arg>title=Filme Teste</arg>
<arg>synopsis=Um filme de teste automatizado</arg>
<arg>director=Diretor Teste</arg>
<arg>genres=${genres}</arg>
<arg>duration=120</arg>
<arg>classification=16</arg>
<arg>poster=teste.jpg</arg>
<arg>releaseDate=2026-04-08</arg>
<doc>Creates and returns a dictionary based on the given ``items``.</doc>
<status status="PASS" start="2026-04-08T19:38:19.284411" elapsed="0.000260"/>
</kw>
<kw name="POST On Session" owner="RequestsLibrary">
<msg time="2026-04-08T19:38:19.307487" level="INFO">POST Request : url=http://localhost:3000/api/v1/movies 
 path_url=/api/v1/movies 
 headers={'User-Agent': 'python-requests/2.33.1', 'Accept-Encoding': 'gzip, deflate, zstd', 'Accept': '*/*', 'Connection': 'keep-alive', 'Authorization': 'Bearer eyJhbGciOiJIUzI1NiIsInR5cCI6IkpXVCJ9.eyJpZCI6IjY5ZDZkOGRhZGRjYjU5N2I0YmI3YTE4ZSIsImlhdCI6MTc3NTY4Nzg5OSwiZXhwIjoxNzc1Nzc0Mjk5fQ.EztzCGhC19-YPYuFuUlH83NxXorZrEeibUy1KTXv5lc', 'Content-Length': '215', 'Content-Type': 'application/json'} 
 body=b'{"title": "Filme Teste", "synopsis": "Um filme de teste automatizado", "director": "Diretor Teste", "genres": ["Drama"], "duration": "120", "classification": "16", "poster": "teste.jpg", "releaseDate": "2026-04-08"}' 
 </msg>
<msg time="2026-04-08T19:38:19.307578" level="INFO">POST Response : url=http://localhost:3000/api/v1/movies 
 status=201, reason=Created 
 headers={'X-Powered-By': 'Express', 'Access-Control-Allow-Origin': '*', 'Content-Type': 'application/json; charset=utf-8', 'Content-Length': '387', 'ETag': 'W/"183-aqxbvRL+MZYzerQP0c2d/DCtVto"', 'Date': 'Wed, 08 Apr 2026 22:38:19 GMT', 'Connection': 'keep-alive', 'Keep-Alive': 'timeout=5'} 
 body={"success":true,"data":{"title":"Filme Teste","synopsis":"Um filme de teste automatizado","director":"Diretor Teste","genres":["Drama"],"duration":120,"classification":"16","poster":"teste.jpg","releaseDate":"2026-04-08T00:00:00.000Z","_id":"69d6d8dbddcb597b4bb7a192","createdAt":"2026-04-08T22:38:19.297Z","updatedAt":"2026-04-08T22:38:19.297Z","__v":0,"id":"69d6d8dbddcb597b4bb7a192"}} 
 </msg>
<msg time="2026-04-08T19:38:19.307673" level="INFO">${create} = &lt;Response [201]&gt;</msg>
<var>${create}</var>
<arg>api</arg>
<arg>/api/v1/movies</arg>
<arg>json=${movie}</arg>
<arg>headers=${headers}</arg>
<doc>Sends a POST request on a previously created HTTP Session.</doc>
<status status="PASS" start="2026-04-08T19:38:19.285228" elapsed="0.022460"/>
</kw>
<kw name="Log" owner="BuiltIn">
<msg time="2026-04-08T19:38:19.308694" level="INFO">{"success":true,"data":{"title":"Filme Teste","synopsis":"Um filme de teste automatizado","director":"Diretor Teste","genres":["Drama"],"duration":120,"classification":"16","poster":"teste.jpg","releaseDate":"2026-04-08T00:00:00.000Z","_id":"69d6d8dbddcb597b4bb7a192","createdAt":"2026-04-08T22:38:19.297Z","updatedAt":"2026-04-08T22:38:19.297Z","__v":0,"id":"69d6d8dbddcb597b4bb7a192"}}</msg>
<arg>${create.text}</arg>
<doc>Logs the given message with the given level.</doc>
<status status="PASS" start="2026-04-08T19:38:19.308247" elapsed="0.000479"/>
</kw>
<kw name="Should Be True" owner="BuiltIn">
<arg>${create.status_code} == 200 or ${create.status_code} == 201</arg>
<doc>Fails if the given condition is not true.</doc>
<status status="PASS" start="2026-04-08T19:38:19.309471" elapsed="0.001140"/>
</kw>
<kw name="Set Variable" owner="BuiltIn">
<msg time="2026-04-08T19:38:19.311454" level="INFO">${movie_json} = {'success': True, 'data': {'title': 'Filme Teste', 'synopsis': 'Um filme de teste automatizado', 'director': 'Diretor Teste', 'genres': ['Drama'], 'duration': 120, 'classification': '16', 'poster': 't...</msg>
<var>${movie_json}</var>
<arg>${create.json()}</arg>
<doc>Returns the given values which can then be assigned to a variables.</doc>
<status status="PASS" start="2026-04-08T19:38:19.311017" elapsed="0.000502"/>
</kw>
<kw name="Should Not Be Empty" owner="BuiltIn">
<msg time="2026-04-08T19:38:19.312164" level="INFO">Length is 2.</msg>
<arg>${movie_json}</arg>
<doc>Verifies that the given item is not empty.</doc>
<status status="PASS" start="2026-04-08T19:38:19.311831" elapsed="0.000367"/>
</kw>
<status status="PASS" start="2026-04-08T19:38:18.933185" elapsed="0.379875"/>
</test>
<test id="s1-t2" name="Listar Filmes" line="62">
<kw name="Create Session" owner="RequestsLibrary">
<msg time="2026-04-08T19:38:19.314803" level="INFO">Creating Session using : alias=api, url=http://localhost:3000, headers={},                     cookies={}, auth=None, timeout=None, proxies=None, verify=False,                     debug=0 </msg>
<arg>api</arg>
<arg>${BASE_URL}</arg>
<doc>Create Session: create a HTTP session to a server</doc>
<status status="PASS" start="2026-04-08T19:38:19.314668" elapsed="0.006254"/>
</kw>
<kw name="Generate Random String" owner="String">
<msg time="2026-04-08T19:38:19.321858" level="INFO">${random} = 69322</msg>
<var>${random}</var>
<arg>5</arg>
<arg>0123456789</arg>
<doc>Generates a string with a desired ``length`` from the given ``chars``.</doc>
<status status="PASS" start="2026-04-08T19:38:19.321530" elapsed="0.000354"/>
</kw>
<kw name="Set Variable" owner="BuiltIn">
<msg time="2026-04-08T19:38:19.322539" level="INFO">${email} = admin_69322@email.com</msg>
<var>${email}</var>
<arg>admin_${random}@email.com</arg>
<doc>Returns the given values which can then be assigned to a variables.</doc>
<status status="PASS" start="2026-04-08T19:38:19.322293" elapsed="0.000263"/>
</kw>
<kw name="Create Dictionary" owner="BuiltIn">
<msg time="2026-04-08T19:38:19.323305" level="INFO">${admin_body} = {'name': 'Admin User', 'email': 'admin_69322@email.com', 'password': 'admin123'}</msg>
<var>${admin_body}</var>
<arg>name=Admin User</arg>
<arg>email=${email}</arg>
<arg>password=admin123</arg>
<doc>Creates and returns a dictionary based on the given ``items``.</doc>
<status status="PASS" start="2026-04-08T19:38:19.322829" elapsed="0.000509"/>
</kw>
<kw name="POST On Session" owner="RequestsLibrary">
<msg time="2026-04-08T19:38:19.451440" level="INFO">POST Request : url=http://localhost:3000/api/v1/setup/admin 
 path_url=/api/v1/setup/admin 
 headers={'User-Agent': 'python-requests/2.33.1', 'Accept-Encoding': 'gzip, deflate, zstd', 'Accept': '*/*', 'Connection': 'keep-alive', 'Content-Length': '80', 'Content-Type': 'application/json'} 
 body=b'{"name": "Admin User", "email": "admin_69322@email.com", "password": "admin123"}' 
 </msg>
<msg time="2026-04-08T19:38:19.451509" level="INFO">POST Response : url=http://localhost:3000/api/v1/setup/admin 
 status=201, reason=Created 
 headers={'X-Powered-By': 'Express', 'Access-Control-Allow-Origin': '*', 'Content-Type': 'application/json; charset=utf-8', 'Content-Length': '169', 'ETag': 'W/"a9-nJU7FPu65WSJMGPL9CRQmDjmJFY"', 'Date': 'Wed, 08 Apr 2026 22:38:19 GMT', 'Connection': 'keep-alive', 'Keep-Alive': 'timeout=5'} 
 body={"success":true,"message":"Admin user created successfully","data":{"_id":"69d6d8dbddcb597b4bb7a195","name":"Admin User","email":"admin_69322@email.com","role":"admin"}} 
 </msg>
<arg>api</arg>
<arg>/api/v1/setup/admin</arg>
<arg>json=${admin_body}</arg>
<doc>Sends a POST request on a previously created HTTP Session.</doc>
<status status="PASS" start="2026-04-08T19:38:19.323834" elapsed="0.127736"/>
</kw>
<kw name="Create Dictionary" owner="BuiltIn">
<msg time="2026-04-08T19:38:19.452364" level="INFO">${login_body} = {'email': 'admin_69322@email.com', 'password': 'admin123'}</msg>
<var>${login_body}</var>
<arg>email=${email}</arg>
<arg>password=admin123</arg>
<doc>Creates and returns a dictionary based on the given ``items``.</doc>
<status status="PASS" start="2026-04-08T19:38:19.452049" elapsed="0.000333"/>
</kw>
<kw name="POST On Session" owner="RequestsLibrary">
<msg time="2026-04-08T19:38:19.594974" level="INFO">POST Request : url=http://localhost:3000/api/v1/auth/login 
 path_url=/api/v1/auth/login 
 headers={'User-Agent': 'python-requests/2.33.1', 'Accept-Encoding': 'gzip, deflate, zstd', 'Accept': '*/*', 'Connection': 'keep-alive', 'Content-Length': '58', 'Content-Type': 'application/json'} 
 body=b'{"email": "admin_69322@email.com", "password": "admin123"}' 
 </msg>
<msg time="2026-04-08T19:38:19.595116" level="INFO">POST Response : url=http://localhost:3000/api/v1/auth/login 
 status=200, reason=OK 
 headers={'X-Powered-By': 'Express', 'Access-Control-Allow-Origin': '*', 'Content-Type': 'application/json; charset=utf-8', 'Content-Length': '307', 'ETag': 'W/"133-VlP6OCOqBCWnHpOvE+ziM6NpB+M"', 'Date': 'Wed, 08 Apr 2026 22:38:19 GMT', 'Connection': 'keep-alive', 'Keep-Alive': 'timeout=5'} 
 body={"success":true,"data":{"_id":"69d6d8dbddcb597b4bb7a195","name":"Admin User","email":"admin_69322@email.com","role":"admin","token":"eyJhbGciOiJIUzI1NiIsInR5cCI6IkpXVCJ9.eyJpZCI6IjY5ZDZkOGRiZGRjYjU5N2I0YmI3YTE5NSIsImlhdCI6MTc3NTY4Nzg5OSwiZXhwIjoxNzc1Nzc0Mjk5fQ.JwKjh5Ms07o_N4QDF33iZ8_dAzWE3GyikNGWleMtsLw"}} 
 </msg>
<msg time="2026-04-08T19:38:19.595345" level="INFO">${response} = &lt;Response [200]&gt;</msg>
<var>${response}</var>
<arg>api</arg>
<arg>/api/v1/auth/login</arg>
<arg>json=${login_body}</arg>
<doc>Sends a POST request on a previously created HTTP Session.</doc>
<status status="PASS" start="2026-04-08T19:38:19.452848" elapsed="0.142540"/>
</kw>
<kw name="Set Variable" owner="BuiltIn">
<msg time="2026-04-08T19:38:19.597355" level="INFO">${json} = {'success': True, 'data': {'_id': '69d6d8dbddcb597b4bb7a195', 'name': 'Admin User', 'email': 'admin_69322@email.com', 'role': 'admin', 'token': 'eyJhbGciOiJIUzI1NiIsInR5cCI6IkpXVCJ9.eyJpZCI6IjY5ZDZkOG...</msg>
<var>${json}</var>
<arg>${response.json()}</arg>
<doc>Returns the given values which can then be assigned to a variables.</doc>
<status status="PASS" start="2026-04-08T19:38:19.596121" elapsed="0.001341"/>
</kw>
<kw name="Set Variable" owner="BuiltIn">
<msg time="2026-04-08T19:38:19.598895" level="INFO">${token} = eyJhbGciOiJIUzI1NiIsInR5cCI6IkpXVCJ9.eyJpZCI6IjY5ZDZkOGRiZGRjYjU5N2I0YmI3YTE5NSIsImlhdCI6MTc3NTY4Nzg5OSwiZXhwIjoxNzc1Nzc0Mjk5fQ.JwKjh5Ms07o_N4QDF33iZ8_dAzWE3GyikNGWleMtsLw</msg>
<var>${token}</var>
<arg>${json['data']['token']}</arg>
<doc>Returns the given values which can then be assigned to a variables.</doc>
<status status="PASS" start="2026-04-08T19:38:19.598077" elapsed="0.000847"/>
</kw>
<kw name="Create Dictionary" owner="BuiltIn">
<msg time="2026-04-08T19:38:19.600778" level="INFO">${headers} = {'Authorization': 'Bearer eyJhbGciOiJIUzI1NiIsInR5cCI6IkpXVCJ9.eyJpZCI6IjY5ZDZkOGRiZGRjYjU5N2I0YmI3YTE5NSIsImlhdCI6MTc3NTY4Nzg5OSwiZXhwIjoxNzc1Nzc0Mjk5fQ.JwKjh5Ms07o_N4QDF33iZ8_dAzWE3GyikNGWleMtsLw'}</msg>
<var>${headers}</var>
<arg>Authorization=Bearer ${token}</arg>
<doc>Creates and returns a dictionary based on the given ``items``.</doc>
<status status="PASS" start="2026-04-08T19:38:19.599854" elapsed="0.000989"/>
</kw>
<kw name="GET On Session" owner="RequestsLibrary">
<msg time="2026-04-08T19:38:19.615213" level="INFO">GET Request : url=http://localhost:3000/api/v1/movies 
 path_url=/api/v1/movies 
 headers={'User-Agent': 'python-requests/2.33.1', 'Accept-Encoding': 'gzip, deflate, zstd', 'Accept': '*/*', 'Connection': 'keep-alive', 'Authorization': 'Bearer eyJhbGciOiJIUzI1NiIsInR5cCI6IkpXVCJ9.eyJpZCI6IjY5ZDZkOGRiZGRjYjU5N2I0YmI3YTE5NSIsImlhdCI6MTc3NTY4Nzg5OSwiZXhwIjoxNzc1Nzc0Mjk5fQ.JwKjh5Ms07o_N4QDF33iZ8_dAzWE3GyikNGWleMtsLw'} 
 body=None 
 </msg>
<msg time="2026-04-08T19:38:19.615384" level="INFO">GET Response : url=http://localhost:3000/api/v1/movies 
 status=200, reason=OK 
 headers={'X-Powered-By': 'Express', 'Access-Control-Allow-Origin': '*', 'Content-Type': 'application/json; charset=utf-8', 'Content-Length': '4043', 'ETag': 'W/"fcb-SZXY4Skm0Z5GxX9y2Y7eh0ySoYQ"', 'Date': 'Wed, 08 Apr 2026 22:38:19 GMT', 'Connection': 'keep-alive', 'Keep-Alive': 'timeout=5'} 
 body={"success":true,"count":10,"pagination":{"next":{"page":2,"limit":10}},"data":[{"_id":"69d6d8dbddcb597b4bb7a192","title":"Filme Teste","synopsis":"Um filme de teste automatizado","director":"Diretor Teste","genres":["Drama"],"duration":120,"classification":"16","poster":"teste.jpg","releaseDate":"2026-04-08T00:00:00.000Z","id":"69d6d8dbddcb597b4bb7a192"},{"_id":"69cb39ea2e5a6e4d5231b649","title":"Teste Negativo 02","synopsis":"Negativo","director":"Senhor Erro","genres":["Suspense"],"duration":-10,"classification":"10","poster":"https://br.freepik.com/vetores-gratis/glitch-error-404-page_4121421.htm#fromView=keyword&amp;page=1&amp;position=0&amp;uuid=6096af48-a262-4e56-b867-3ccb628105ea&amp;query=Erro+404","releaseDate":"2026-03-31T00:00:00.000Z","id":"69cb39ea2e5a6e4d5231b649"},{"_id":"69cb328c2e5a6e4d5231b632","title":"Teste Negativo 02","synopsis":"Negativo","director":"Senhor Erro","genres":["Suspense"],"duration":0,"classification":"10","poster":"https://br.freepik.com/vetores-gratis/glitch-error-404-page_4121421.htm#fromView=keyword&amp;page=1&amp;position=0&amp;uuid=6096af48-a262-4e56-b867-3ccb628105ea&amp;query=Erro+404","releaseDate":"2026-03-31T00:00:00.000Z","id":"69cb328c2e5a6e4d5231b632"},{"_id":"69bb7164befb14d774e1d784","title":"Sombras do Amanhã","synopsis":"Em um futuro próximo, uma cientista descobre uma forma de prever eventos catastróficos, mas precisa enfrentar decisões difíceis para salvar a humanidade.","director":"Carla Mendes","genres":["Ficção Científica","Drama"],"duration":0,"classification":"14 anos","poster":"https://exemplo.com/posters/sombras-do-amanha.jpg","releaseDate":"2026-03-17T00:00:00.000Z","id":"69bb7164befb14d774e1d784"},{"_id":"69bb715bbefb14d774e1d781","title":"Sombras do Amanhã","synopsis":"Em um futuro próximo, uma cientista descobre uma forma de prever eventos catastróficos, mas precisa enfrentar decisões difíceis para salvar a humanidade.","director":"Carla Mendes","genres":["Ficção Científica","Drama"],"duration":0,"classification":"14 anos","poster":"https://exemplo.com/posters/sombras-do-amanha.jpg","releaseDate":"2026-03-17T00:00:00.000Z","id":"69bb715bbefb14d774e1d781"},{"_id":"69bb69b5befb14d774e1d726","title":"string","synopsis":"string","director":"string","genres":["string"],"duration":0,"classification":"string","poster":"string","releaseDate":"2026-03-17T00:00:00.000Z","id":"69bb69b5befb14d774e1d726"},{"_id":"69bb7010befb14d774e1d775","title":"Sombras do Amanhã","synopsis":"Em um futuro próximo, uma cientista descobre uma forma de prever eventos catastróficos e precisa decidir até onde está disposta a ir para salvar vidas.","director":"Carla Mendes","genres":["Ficção CientíficA"],"duration":120,"classification":"14 anos","poster":"https://exemplo.com/poster.jpg","releaseDate":"2026-03-17T00:00:00.000Z","id":"69bb7010befb14d774e1d775"},{"_id":"69bb7836befb14d774e1d787","title":"Sombras do Amanhã","synopsis":"Em um futuro próximo, uma cientista descobre uma forma de prever eventos catastróficos, mas precisa enfrentar decisões difíceis para salvar a humanidade.","director":"Carla Mendes","genres":["Ficção Científica","Drama"],"duration":0,"classification":"14 anos","poster":"https://exemplo.com/posters/sombras-do-amanha.jpg","releaseDate":"2026-03-17T00:00:00.000Z","id":"69bb7836befb14d774e1d787"},{"_id":"69bb70debefb14d774e1d77b","title":"Sombras do Amanhã","synopsis":"Em um futuro próximo, uma cientista descobre uma forma de prever eventos catastróficos, mas precisa enfrentar decisões difíceis para salvar a humanidade.","director":"Carla Mendes","genres":["Ficção Científica","Drama"],"duration":-10,"classification":"14 anos","poster":"https://exemplo.com/posters/sombras-do-amanha.jpg","releaseDate":"2026-03-17T00:00:00.000Z","id":"69bb70debefb14d774e1d77b"},{"_id":"69b9d4b2befb14d774e1d660","title":"Filme Teste","synopsis":"Teste QA","director":"Jeniffer","genres":["Drama"],"duration":120,"classification":"12","poster":"teste.jpg","releaseDate":"2026-03-17T00:00:00.000Z","id":"69b9d4b2befb14d774e1d660"}]} 
 </msg>
<msg time="2026-04-08T19:38:19.615592" level="INFO">${movies} = &lt;Response [200]&gt;</msg>
<var>${movies}</var>
<arg>api</arg>
<arg>/api/v1/movies</arg>
<arg>headers=${headers}</arg>
<doc>Sends a GET request on a previously created HTTP Session.</doc>
<status status="PASS" start="2026-04-08T19:38:19.601233" elapsed="0.014397"/>
</kw>
<kw name="Log" owner="BuiltIn">
<msg time="2026-04-08T19:38:19.617030" level="INFO">{"success":true,"count":10,"pagination":{"next":{"page":2,"limit":10}},"data":[{"_id":"69d6d8dbddcb597b4bb7a192","title":"Filme Teste","synopsis":"Um filme de teste automatizado","director":"Diretor Teste","genres":["Drama"],"duration":120,"classification":"16","poster":"teste.jpg","releaseDate":"2026-04-08T00:00:00.000Z","id":"69d6d8dbddcb597b4bb7a192"},{"_id":"69cb39ea2e5a6e4d5231b649","title":"Teste Negativo 02","synopsis":"Negativo","director":"Senhor Erro","genres":["Suspense"],"duration":-10,"classification":"10","poster":"https://br.freepik.com/vetores-gratis/glitch-error-404-page_4121421.htm#fromView=keyword&amp;page=1&amp;position=0&amp;uuid=6096af48-a262-4e56-b867-3ccb628105ea&amp;query=Erro+404","releaseDate":"2026-03-31T00:00:00.000Z","id":"69cb39ea2e5a6e4d5231b649"},{"_id":"69cb328c2e5a6e4d5231b632","title":"Teste Negativo 02","synopsis":"Negativo","director":"Senhor Erro","genres":["Suspense"],"duration":0,"classification":"10","poster":"https://br.freepik.com/vetores-gratis/glitch-error-404-page_4121421.htm#fromView=keyword&amp;page=1&amp;position=0&amp;uuid=6096af48-a262-4e56-b867-3ccb628105ea&amp;query=Erro+404","releaseDate":"2026-03-31T00:00:00.000Z","id":"69cb328c2e5a6e4d5231b632"},{"_id":"69bb7164befb14d774e1d784","title":"Sombras do Amanhã","synopsis":"Em um futuro próximo, uma cientista descobre uma forma de prever eventos catastróficos, mas precisa enfrentar decisões difíceis para salvar a humanidade.","director":"Carla Mendes","genres":["Ficção Científica","Drama"],"duration":0,"classification":"14 anos","poster":"https://exemplo.com/posters/sombras-do-amanha.jpg","releaseDate":"2026-03-17T00:00:00.000Z","id":"69bb7164befb14d774e1d784"},{"_id":"69bb715bbefb14d774e1d781","title":"Sombras do Amanhã","synopsis":"Em um futuro próximo, uma cientista descobre uma forma de prever eventos catastróficos, mas precisa enfrentar decisões difíceis para salvar a humanidade.","director":"Carla Mendes","genres":["Ficção Científica","Drama"],"duration":0,"classification":"14 anos","poster":"https://exemplo.com/posters/sombras-do-amanha.jpg","releaseDate":"2026-03-17T00:00:00.000Z","id":"69bb715bbefb14d774e1d781"},{"_id":"69bb69b5befb14d774e1d726","title":"string","synopsis":"string","director":"string","genres":["string"],"duration":0,"classification":"string","poster":"string","releaseDate":"2026-03-17T00:00:00.000Z","id":"69bb69b5befb14d774e1d726"},{"_id":"69bb7010befb14d774e1d775","title":"Sombras do Amanhã","synopsis":"Em um futuro próximo, uma cientista descobre uma forma de prever eventos catastróficos e precisa decidir até onde está disposta a ir para salvar vidas.","director":"Carla Mendes","genres":["Ficção CientíficA"],"duration":120,"classification":"14 anos","poster":"https://exemplo.com/poster.jpg","releaseDate":"2026-03-17T00:00:00.000Z","id":"69bb7010befb14d774e1d775"},{"_id":"69bb7836befb14d774e1d787","title":"Sombras do Amanhã","synopsis":"Em um futuro próximo, uma cientista descobre uma forma de prever eventos catastróficos, mas precisa enfrentar decisões difíceis para salvar a humanidade.","director":"Carla Mendes","genres":["Ficção Científica","Drama"],"duration":0,"classification":"14 anos","poster":"https://exemplo.com/posters/sombras-do-amanha.jpg","releaseDate":"2026-03-17T00:00:00.000Z","id":"69bb7836befb14d774e1d787"},{"_id":"69bb70debefb14d774e1d77b","title":"Sombras do Amanhã","synopsis":"Em um futuro próximo, uma cientista descobre uma forma de prever eventos catastróficos, mas precisa enfrentar decisões difíceis para salvar a humanidade.","director":"Carla Mendes","genres":["Ficção Científica","Drama"],"duration":-10,"classification":"14 anos","poster":"https://exemplo.com/posters/sombras-do-amanha.jpg","releaseDate":"2026-03-17T00:00:00.000Z","id":"69bb70debefb14d774e1d77b"},{"_id":"69b9d4b2befb14d774e1d660","title":"Filme Teste","synopsis":"Teste QA","director":"Jeniffer","genres":["Drama"],"duration":120,"classification":"12","poster":"teste.jpg","releaseDate":"2026-03-17T00:00:00.000Z","id":"69b9d4b2befb14d774e1d660"}]}</msg>
<arg>${movies.text}</arg>
<doc>Logs the given message with the given level.</doc>
<status status="PASS" start="2026-04-08T19:38:19.616146" elapsed="0.001009"/>
</kw>
<kw name="Should Be Equal As Integers" owner="BuiltIn">
<msg time="2026-04-08T19:38:19.618163" level="INFO">Argument types are:
&lt;class 'int'&gt;
&lt;class 'str'&gt;</msg>
<arg>${movies.status_code}</arg>
<arg>200</arg>
<doc>Fails if objects are unequal after converting them to integers.</doc>
<status status="PASS" start="2026-04-08T19:38:19.617498" elapsed="0.000832"/>
</kw>
<kw name="Set Variable" owner="BuiltIn">
<msg time="2026-04-08T19:38:19.619444" level="INFO">${movies_json} = {'success': True, 'count': 10, 'pagination': {'next': {'page': 2, 'limit': 10}}, 'data': [{'_id': '69d6d8dbddcb597b4bb7a192', 'title': 'Filme Teste', 'synopsis': 'Um filme de teste automatizado', 'dir...</msg>
<var>${movies_json}</var>
<arg>${movies.json()}</arg>
<doc>Returns the given values which can then be assigned to a variables.</doc>
<status status="PASS" start="2026-04-08T19:38:19.618721" elapsed="0.000752"/>
</kw>
<kw name="Should Not Be Empty" owner="BuiltIn">
<msg time="2026-04-08T19:38:19.620125" level="INFO">Length is 4.</msg>
<arg>${movies_json}</arg>
<doc>Verifies that the given item is not empty.</doc>
<status status="PASS" start="2026-04-08T19:38:19.619760" elapsed="0.000415"/>
</kw>
<status status="PASS" start="2026-04-08T19:38:19.314072" elapsed="0.306329"/>
</test>
<status status="PASS" start="2026-04-08T19:38:18.688067" elapsed="0.933471"/>
</suite>
<statistics>
<total>
<stat pass="2" fail="0" skip="0">All Tests</stat>
</total>
<tag>
</tag>
<suite>
<stat name="Movies" id="s1" pass="2" fail="0" skip="0">Movies</stat>
</suite>
</statistics>
<errors>
</errors>
</robot>
