<?xml version="1.0" encoding="UTF-8"?>
<robot generator="Robot 7.4.2 (Python 3.14.3 on win32)" generated="2026-05-12T13:34:16.402339" rpa="false" schemaversion="5">
<suite id="s1" name="Reserva 02" source="C:\Users\jeniffer.neves\source\repos\API_CineTicket_Jeniffer_Ferraz\backend\src\tests\test-vscode-robot\reserva_02.robot">
<test id="s1-t1" name="Criar reserva sem token" line="11">
<kw name="Create Session" owner="RequestsLibrary">
<msg time="2026-05-12T13:34:16.606883" level="INFO">Creating Session using : alias=api, url=http://localhost:3000, headers={},                     cookies={}, auth=None, timeout=None, proxies=None, verify=False,                     debug=0 </msg>
<arg>api</arg>
<arg>${BASE_URL}</arg>
<doc>Create Session: create a HTTP session to a server</doc>
<status status="PASS" start="2026-05-12T13:34:16.606713" elapsed="0.000324"/>
</kw>
<kw name="Create Dictionary" owner="BuiltIn">
<msg time="2026-05-12T13:34:16.609791" level="INFO">${reservation} = {'session': '123', 'seats': []}</msg>
<var>${reservation}</var>
<arg>session=123</arg>
<arg>seats=@{EMPTY}</arg>
<doc>Creates and returns a dictionary based on the given ``items``.</doc>
<status status="PASS" start="2026-05-12T13:34:16.607816" elapsed="0.002050"/>
</kw>
<kw name="POST On Session" owner="RequestsLibrary">
<msg time="2026-05-12T13:34:16.632773" level="INFO">POST Request : url=http://localhost:3000/api/v1/reservations 
 path_url=/api/v1/reservations 
 headers={'User-Agent': 'python-requests/2.33.1', 'Accept-Encoding': 'gzip, deflate, zstd', 'Accept': '*/*', 'Connection': 'keep-alive', 'Content-Length': '31', 'Content-Type': 'application/json'} 
 body=b'{"session": "123", "seats": []}' 
 </msg>
<msg time="2026-05-12T13:34:16.632859" level="INFO">POST Response : url=http://localhost:3000/api/v1/reservations 
 status=401, reason=Unauthorized 
 headers={'X-Powered-By': 'Express', 'Access-Control-Allow-Origin': '*', 'Content-Type': 'application/json; charset=utf-8', 'Content-Length': '65', 'ETag': 'W/"41-TJq3LYiwj1On+7IZ17oLU5tM1Zs"', 'Date': 'Tue, 12 May 2026 16:34:16 GMT', 'Connection': 'keep-alive', 'Keep-Alive': 'timeout=5'} 
 body={"success":false,"message":"Not authorized to access this route"} 
 </msg>
<msg time="2026-05-12T13:34:16.632963" level="INFO">${res} = &lt;Response [401]&gt;</msg>
<var>${res}</var>
<arg>api</arg>
<arg>/api/v1/reservations</arg>
<arg>json=${reservation}</arg>
<arg>expected_status=any</arg>
<doc>Sends a POST request on a previously created HTTP Session.</doc>
<status status="PASS" start="2026-05-12T13:34:16.610154" elapsed="0.022826"/>
</kw>
<kw name="Should Be Equal As Integers" owner="BuiltIn">
<msg time="2026-05-12T13:34:16.634155" level="INFO">Argument types are:
&lt;class 'int'&gt;
&lt;class 'str'&gt;</msg>
<arg>${res.status_code}</arg>
<arg>401</arg>
<doc>Fails if objects are unequal after converting them to integers.</doc>
<status status="PASS" start="2026-05-12T13:34:16.633499" elapsed="0.000718"/>
</kw>
<status status="PASS" start="2026-05-12T13:34:16.605575" elapsed="0.028978"/>
</test>
<test id="s1-t2" name="Criar reserva sem assentos" line="27">
<kw name="Create Session" owner="RequestsLibrary">
<msg time="2026-05-12T13:34:16.635428" level="INFO">Creating Session using : alias=api, url=http://localhost:3000, headers={},                     cookies={}, auth=None, timeout=None, proxies=None, verify=False,                     debug=0 </msg>
<arg>api</arg>
<arg>${BASE_URL}</arg>
<doc>Create Session: create a HTTP session to a server</doc>
<status status="PASS" start="2026-05-12T13:34:16.635252" elapsed="0.000362"/>
</kw>
<kw name="Criar Usuario E Retornar Token">
<kw name="Generate Random String" owner="String">
<msg time="2026-05-12T13:34:16.636574" level="INFO">${random} = 87219</msg>
<var>${random}</var>
<arg>5</arg>
<arg>0123456789</arg>
<doc>Generates a string with a desired ``length`` from the given ``chars``.</doc>
<status status="PASS" start="2026-05-12T13:34:16.636279" elapsed="0.000373"/>
</kw>
<kw name="Set Variable" owner="BuiltIn">
<msg time="2026-05-12T13:34:16.637037" level="INFO">${email} = user_87219@email.com</msg>
<var>${email}</var>
<arg>user_${random}@email.com</arg>
<doc>Returns the given values which can then be assigned to a variables.</doc>
<status status="PASS" start="2026-05-12T13:34:16.636742" elapsed="0.000316"/>
</kw>
<kw name="Create Dictionary" owner="BuiltIn">
<msg time="2026-05-12T13:34:16.637461" level="INFO">${user} = {'name': 'User', 'email': 'user_87219@email.com', 'password': '123456'}</msg>
<var>${user}</var>
<arg>name=User</arg>
<arg>email=${email}</arg>
<arg>password=123456</arg>
<doc>Creates and returns a dictionary based on the given ``items``.</doc>
<status status="PASS" start="2026-05-12T13:34:16.637201" elapsed="0.000278"/>
</kw>
<kw name="POST On Session" owner="RequestsLibrary">
<msg time="2026-05-12T13:34:16.747975" level="INFO">POST Request : url=http://localhost:3000/api/v1/setup/admin 
 path_url=/api/v1/setup/admin 
 headers={'User-Agent': 'python-requests/2.33.1', 'Accept-Encoding': 'gzip, deflate, zstd', 'Accept': '*/*', 'Connection': 'keep-alive', 'Content-Length': '71', 'Content-Type': 'application/json'} 
 body=b'{"name": "User", "email": "user_87219@email.com", "password": "123456"}' 
 </msg>
<msg time="2026-05-12T13:34:16.748152" level="INFO">POST Response : url=http://localhost:3000/api/v1/setup/admin 
 status=201, reason=Created 
 headers={'X-Powered-By': 'Express', 'Access-Control-Allow-Origin': '*', 'Content-Type': 'application/json; charset=utf-8', 'Content-Length': '162', 'ETag': 'W/"a2-5FenRDpLfrbQre0uWlfVSYVoHag"', 'Date': 'Tue, 12 May 2026 16:34:16 GMT', 'Connection': 'keep-alive', 'Keep-Alive': 'timeout=5'} 
 body={"success":true,"message":"Admin user created successfully","data":{"_id":"6a035688956cbefeaf7bbfd9","name":"User","email":"user_87219@email.com","role":"admin"}} 
 </msg>
<arg>api</arg>
<arg>/api/v1/setup/admin</arg>
<arg>json=${user}</arg>
<arg>expected_status=any</arg>
<doc>Sends a POST request on a previously created HTTP Session.</doc>
<status status="PASS" start="2026-05-12T13:34:16.637539" elapsed="0.110734"/>
</kw>
<kw name="Create Dictionary" owner="BuiltIn">
<msg time="2026-05-12T13:34:16.749525" level="INFO">${login} = {'email': 'user_87219@email.com', 'password': '123456'}</msg>
<var>${login}</var>
<arg>email=${email}</arg>
<arg>password=123456</arg>
<doc>Creates and returns a dictionary based on the given ``items``.</doc>
<status status="PASS" start="2026-05-12T13:34:16.748586" elapsed="0.001042"/>
</kw>
<kw name="POST On Session" owner="RequestsLibrary">
<msg time="2026-05-12T13:34:16.868877" level="INFO">POST Request : url=http://localhost:3000/api/v1/auth/login 
 path_url=/api/v1/auth/login 
 headers={'User-Agent': 'python-requests/2.33.1', 'Accept-Encoding': 'gzip, deflate, zstd', 'Accept': '*/*', 'Connection': 'keep-alive', 'Content-Length': '55', 'Content-Type': 'application/json'} 
 body=b'{"email": "user_87219@email.com", "password": "123456"}' 
 </msg>
<msg time="2026-05-12T13:34:16.869019" level="INFO">POST Response : url=http://localhost:3000/api/v1/auth/login 
 status=200, reason=OK 
 headers={'X-Powered-By': 'Express', 'Access-Control-Allow-Origin': '*', 'Content-Type': 'application/json; charset=utf-8', 'Content-Length': '300', 'ETag': 'W/"12c-Y/kWxLlPGnMl7bsC9LRCpCNt7wo"', 'Date': 'Tue, 12 May 2026 16:34:16 GMT', 'Connection': 'keep-alive', 'Keep-Alive': 'timeout=5'} 
 body={"success":true,"data":{"_id":"6a035688956cbefeaf7bbfd9","name":"User","email":"user_87219@email.com","role":"admin","token":"eyJhbGciOiJIUzI1NiIsInR5cCI6IkpXVCJ9.eyJpZCI6IjZhMDM1Njg4OTU2Y2JlZmVhZjdiYmZkOSIsImlhdCI6MTc3ODYwMzY1NiwiZXhwIjoxNzc4NjkwMDU2fQ.34azPasDOVQDmOYjmBk6DxRjMAbQeuWxfwCFQJl4yNM"}} 
 </msg>
<msg time="2026-05-12T13:34:16.869723" level="INFO">${res_login} = &lt;Response [200]&gt;</msg>
<var>${res_login}</var>
<arg>api</arg>
<arg>/api/v1/auth/login</arg>
<arg>json=${login}</arg>
<arg>expected_status=any</arg>
<doc>Sends a POST request on a previously created HTTP Session.</doc>
<status status="PASS" start="2026-05-12T13:34:16.749896" elapsed="0.119950"/>
</kw>
<kw name="Set Variable" owner="BuiltIn">
<msg time="2026-05-12T13:34:16.872161" level="INFO">${json} = {'success': True, 'data': {'_id': '6a035688956cbefeaf7bbfd9', 'name': 'User', 'email': 'user_87219@email.com', 'role': 'admin', 'token': 'eyJhbGciOiJIUzI1NiIsInR5cCI6IkpXVCJ9.eyJpZCI6IjZhMDM1Njg4OTU2Y...</msg>
<var>${json}</var>
<arg>${res_login.json()}</arg>
<doc>Returns the given values which can then be assigned to a variables.</doc>
<status status="PASS" start="2026-05-12T13:34:16.870459" elapsed="0.001772"/>
</kw>
<kw name="Set Variable" owner="BuiltIn">
<msg time="2026-05-12T13:34:16.874280" level="INFO">${token} = eyJhbGciOiJIUzI1NiIsInR5cCI6IkpXVCJ9.eyJpZCI6IjZhMDM1Njg4OTU2Y2JlZmVhZjdiYmZkOSIsImlhdCI6MTc3ODYwMzY1NiwiZXhwIjoxNzc4NjkwMDU2fQ.34azPasDOVQDmOYjmBk6DxRjMAbQeuWxfwCFQJl4yNM</msg>
<var>${token}</var>
<arg>${json['data']['token']}</arg>
<doc>Returns the given values which can then be assigned to a variables.</doc>
<status status="PASS" start="2026-05-12T13:34:16.872472" elapsed="0.001869"/>
</kw>
<return>
<value>${token}</value>
<status status="PASS" start="2026-05-12T13:34:16.874535" elapsed="0.000102"/>
</return>
<msg time="2026-05-12T13:34:16.875047" level="INFO">${token} = eyJhbGciOiJIUzI1NiIsInR5cCI6IkpXVCJ9.eyJpZCI6IjZhMDM1Njg4OTU2Y2JlZmVhZjdiYmZkOSIsImlhdCI6MTc3ODYwMzY1NiwiZXhwIjoxNzc4NjkwMDU2fQ.34azPasDOVQDmOYjmBk6DxRjMAbQeuWxfwCFQJl4yNM</msg>
<var>${token}</var>
<status status="PASS" start="2026-05-12T13:34:16.635972" elapsed="0.239124"/>
</kw>
<kw name="Create Dictionary" owner="BuiltIn">
<msg time="2026-05-12T13:34:16.876914" level="INFO">${headers} = {'Authorization': 'Bearer eyJhbGciOiJIUzI1NiIsInR5cCI6IkpXVCJ9.eyJpZCI6IjZhMDM1Njg4OTU2Y2JlZmVhZjdiYmZkOSIsImlhdCI6MTc3ODYwMzY1NiwiZXhwIjoxNzc4NjkwMDU2fQ.34azPasDOVQDmOYjmBk6DxRjMAbQeuWxfwCFQJl4yNM'}</msg>
<var>${headers}</var>
<arg>Authorization=Bearer ${token}</arg>
<doc>Creates and returns a dictionary based on the given ``items``.</doc>
<status status="PASS" start="2026-05-12T13:34:16.876115" elapsed="0.000858"/>
</kw>
<kw name="Create Dictionary" owner="BuiltIn">
<msg time="2026-05-12T13:34:16.892659" level="INFO">${reservation} = {'session': '123', 'seats': []}</msg>
<var>${reservation}</var>
<arg>session=123</arg>
<arg>seats=@{EMPTY}</arg>
<doc>Creates and returns a dictionary based on the given ``items``.</doc>
<status status="PASS" start="2026-05-12T13:34:16.878417" elapsed="0.014309"/>
</kw>
<kw name="POST On Session" owner="RequestsLibrary">
<msg time="2026-05-12T13:34:16.908341" level="INFO">POST Request : url=http://localhost:3000/api/v1/reservations 
 path_url=/api/v1/reservations 
 headers={'User-Agent': 'python-requests/2.33.1', 'Accept-Encoding': 'gzip, deflate, zstd', 'Accept': '*/*', 'Connection': 'keep-alive', 'Authorization': 'Bearer eyJhbGciOiJIUzI1NiIsInR5cCI6IkpXVCJ9.eyJpZCI6IjZhMDM1Njg4OTU2Y2JlZmVhZjdiYmZkOSIsImlhdCI6MTc3ODYwMzY1NiwiZXhwIjoxNzc4NjkwMDU2fQ.34azPasDOVQDmOYjmBk6DxRjMAbQeuWxfwCFQJl4yNM', 'Content-Length': '31', 'Content-Type': 'application/json'} 
 body=b'{"session": "123", "seats": []}' 
 </msg>
<msg time="2026-05-12T13:34:16.908427" level="INFO">POST Response : url=http://localhost:3000/api/v1/reservations 
 status=400, reason=Bad Request 
 headers={'X-Powered-By': 'Express', 'Access-Control-Allow-Origin': '*', 'Content-Type': 'application/json; charset=utf-8', 'Content-Length': '1694', 'ETag': 'W/"69e-/gzLfyrp2srxx4WhqFNND/G5Euk"', 'Date': 'Tue, 12 May 2026 16:34:16 GMT', 'Connection': 'keep-alive', 'Keep-Alive': 'timeout=5'} 
 body={"success":false,"message":"Resource not found","stack":"CastError: Cast to ObjectId failed for value \"123\" (type string) at path \"_id\" for model \"Session\"\n    at SchemaObjectId.cast (C:\\Users\\jeniffer.neves\\source\\repos\\API_CineTicket_Jeniffer_Ferraz\\backend\\node_modules\\mongoose\\lib\\schema\\objectId.js:251:11)\n    at SchemaType.applySetters (C:\\Users\\jeniffer.neves\\source\\repos\\API_CineTicket_Jeniffer_Ferraz\\backend\\node_modules\\mongoose\\lib\\schemaType.js:1255:12)\n    at SchemaType.castForQuery (C:\\Users\\jeniffer.neves\\source\\repos\\API_CineTicket_Jeniffer_Ferraz\\backend\\node_modules\\mongoose\\lib\\schemaType.js:1673:17)\n    at cast (C:\\Users\\jeniffer.neves\\source\\repos\\API_CineTicket_Jeniffer_Ferraz\\backend\\node_modules\\mongoose\\lib\\cast.js:390:32)\n    at Query.cast (C:\\Users\\jeniffer.neves\\source\\repos\\API_CineTicket_Jeniffer_Ferraz\\backend\\node_modules\\mongoose\\lib\\query.js:5055:12)\n    at Query._castConditions (C:\\Users\\jeniffer.neves\\source\\repos\\API_CineTicket_Jeniffer_Ferraz\\backend\\node_modules\\mongoose\\lib\\query.js:2351:10)\n    at model.Query._findOne (C:\\Users\\jeniffer.neves\\source\\repos\\API_CineTicket_Jeniffer_Ferraz\\backend\\node_modules\\mongoose\\lib\\query.js:2674:8)\n    at model.Query.exec (C:\\Users\\jeniffer.neves\\source\\repos\\API_CineTicket_Jeniffer_Ferraz\\backend\\node_modules\\mongoose\\lib\\query.js:4604:80)\n    at process.processTicksAndRejections (node:internal/process/task_queues:95:5)\n    at async exports.createReservation (C:\\Users\\jeniffer.neves\\source\\repos\\API_CineTicket_Jeniffer_Ferraz\\backend\\src\\controllers\\reservationController.js:137:21)"} 
 </msg>
<msg time="2026-05-12T13:34:16.908562" level="INFO">${res} = &lt;Response [400]&gt;</msg>
<var>${res}</var>
<arg>api</arg>
<arg>/api/v1/reservations</arg>
<arg>json=${reservation}</arg>
<arg>headers=${headers}</arg>
<arg>expected_status=any</arg>
<doc>Sends a POST request on a previously created HTTP Session.</doc>
<status status="PASS" start="2026-05-12T13:34:16.893093" elapsed="0.015492"/>
</kw>
<kw name="Should Be Equal As Integers" owner="BuiltIn">
<msg time="2026-05-12T13:34:16.909661" level="INFO">Argument types are:
&lt;class 'int'&gt;
&lt;class 'str'&gt;</msg>
<arg>${res.status_code}</arg>
<arg>400</arg>
<doc>Fails if objects are unequal after converting them to integers.</doc>
<status status="PASS" start="2026-05-12T13:34:16.908857" elapsed="0.000864"/>
</kw>
<status status="PASS" start="2026-05-12T13:34:16.634903" elapsed="0.275073"/>
</test>
<test id="s1-t3" name="Reservar assento já ocupado" line="49">
<kw name="Create Session" owner="RequestsLibrary">
<msg time="2026-05-12T13:34:16.915307" level="INFO">Creating Session using : alias=api, url=http://localhost:3000, headers={},                     cookies={}, auth=None, timeout=None, proxies=None, verify=False,                     debug=0 </msg>
<arg>api</arg>
<arg>${BASE_URL}</arg>
<doc>Create Session: create a HTTP session to a server</doc>
<status status="PASS" start="2026-05-12T13:34:16.914884" elapsed="0.001337"/>
</kw>
<kw name="Criar Usuario E Retornar Token">
<kw name="Generate Random String" owner="String">
<msg time="2026-05-12T13:34:16.918458" level="INFO">${random} = 56298</msg>
<var>${random}</var>
<arg>5</arg>
<arg>0123456789</arg>
<doc>Generates a string with a desired ``length`` from the given ``chars``.</doc>
<status status="PASS" start="2026-05-12T13:34:16.918305" elapsed="0.000173"/>
</kw>
<kw name="Set Variable" owner="BuiltIn">
<msg time="2026-05-12T13:34:16.919528" level="INFO">${email} = user_56298@email.com</msg>
<var>${email}</var>
<arg>user_${random}@email.com</arg>
<doc>Returns the given values which can then be assigned to a variables.</doc>
<status status="PASS" start="2026-05-12T13:34:16.918546" elapsed="0.001000"/>
</kw>
<kw name="Create Dictionary" owner="BuiltIn">
<msg time="2026-05-12T13:34:16.919903" level="INFO">${user} = {'name': 'User', 'email': 'user_56298@email.com', 'password': '123456'}</msg>
<var>${user}</var>
<arg>name=User</arg>
<arg>email=${email}</arg>
<arg>password=123456</arg>
<doc>Creates and returns a dictionary based on the given ``items``.</doc>
<status status="PASS" start="2026-05-12T13:34:16.919657" elapsed="0.000265"/>
</kw>
<kw name="POST On Session" owner="RequestsLibrary">
<msg time="2026-05-12T13:34:17.043460" level="INFO">POST Request : url=http://localhost:3000/api/v1/setup/admin 
 path_url=/api/v1/setup/admin 
 headers={'User-Agent': 'python-requests/2.33.1', 'Accept-Encoding': 'gzip, deflate, zstd', 'Accept': '*/*', 'Connection': 'keep-alive', 'Content-Length': '71', 'Content-Type': 'application/json'} 
 body=b'{"name": "User", "email": "user_56298@email.com", "password": "123456"}' 
 </msg>
<msg time="2026-05-12T13:34:17.043948" level="INFO">POST Response : url=http://localhost:3000/api/v1/setup/admin 
 status=201, reason=Created 
 headers={'X-Powered-By': 'Express', 'Access-Control-Allow-Origin': '*', 'Content-Type': 'application/json; charset=utf-8', 'Content-Length': '162', 'ETag': 'W/"a2-Ozktp7NO9/Uk6qZM7EWwwODJm6Q"', 'Date': 'Tue, 12 May 2026 16:34:17 GMT', 'Connection': 'keep-alive', 'Keep-Alive': 'timeout=5'} 
 body={"success":true,"message":"Admin user created successfully","data":{"_id":"6a035688956cbefeaf7bbfde","name":"User","email":"user_56298@email.com","role":"admin"}} 
 </msg>
<arg>api</arg>
<arg>/api/v1/setup/admin</arg>
<arg>json=${user}</arg>
<arg>expected_status=any</arg>
<doc>Sends a POST request on a previously created HTTP Session.</doc>
<status status="PASS" start="2026-05-12T13:34:16.919985" elapsed="0.124170"/>
</kw>
<kw name="Create Dictionary" owner="BuiltIn">
<msg time="2026-05-12T13:34:17.044852" level="INFO">${login} = {'email': 'user_56298@email.com', 'password': '123456'}</msg>
<var>${login}</var>
<arg>email=${email}</arg>
<arg>password=123456</arg>
<doc>Creates and returns a dictionary based on the given ``items``.</doc>
<status status="PASS" start="2026-05-12T13:34:17.044359" elapsed="0.000521"/>
</kw>
<kw name="POST On Session" owner="RequestsLibrary">
<msg time="2026-05-12T13:34:17.150197" level="INFO">POST Request : url=http://localhost:3000/api/v1/auth/login 
 path_url=/api/v1/auth/login 
 headers={'User-Agent': 'python-requests/2.33.1', 'Accept-Encoding': 'gzip, deflate, zstd', 'Accept': '*/*', 'Connection': 'keep-alive', 'Content-Length': '55', 'Content-Type': 'application/json'} 
 body=b'{"email": "user_56298@email.com", "password": "123456"}' 
 </msg>
<msg time="2026-05-12T13:34:17.150355" level="INFO">POST Response : url=http://localhost:3000/api/v1/auth/login 
 status=200, reason=OK 
 headers={'X-Powered-By': 'Express', 'Access-Control-Allow-Origin': '*', 'Content-Type': 'application/json; charset=utf-8', 'Content-Length': '300', 'ETag': 'W/"12c-J5LCS0Iup/cSJavS9Qu4tFL6QYQ"', 'Date': 'Tue, 12 May 2026 16:34:17 GMT', 'Connection': 'keep-alive', 'Keep-Alive': 'timeout=5'} 
 body={"success":true,"data":{"_id":"6a035688956cbefeaf7bbfde","name":"User","email":"user_56298@email.com","role":"admin","token":"eyJhbGciOiJIUzI1NiIsInR5cCI6IkpXVCJ9.eyJpZCI6IjZhMDM1Njg4OTU2Y2JlZmVhZjdiYmZkZSIsImlhdCI6MTc3ODYwMzY1NywiZXhwIjoxNzc4NjkwMDU3fQ.IyWsVzqoX70P91xfNDWZotSYhrNXl_GC-6ShXMORYJM"}} 
 </msg>
<msg time="2026-05-12T13:34:17.150607" level="INFO">${res_login} = &lt;Response [200]&gt;</msg>
<var>${res_login}</var>
<arg>api</arg>
<arg>/api/v1/auth/login</arg>
<arg>json=${login}</arg>
<arg>expected_status=any</arg>
<doc>Sends a POST request on a previously created HTTP Session.</doc>
<status status="PASS" start="2026-05-12T13:34:17.045004" elapsed="0.105650"/>
</kw>
<kw name="Set Variable" owner="BuiltIn">
<msg time="2026-05-12T13:34:17.152163" level="INFO">${json} = {'success': True, 'data': {'_id': '6a035688956cbefeaf7bbfde', 'name': 'User', 'email': 'user_56298@email.com', 'role': 'admin', 'token': 'eyJhbGciOiJIUzI1NiIsInR5cCI6IkpXVCJ9.eyJpZCI6IjZhMDM1Njg4OTU2Y...</msg>
<var>${json}</var>
<arg>${res_login.json()}</arg>
<doc>Returns the given values which can then be assigned to a variables.</doc>
<status status="PASS" start="2026-05-12T13:34:17.150923" elapsed="0.001296"/>
</kw>
<kw name="Set Variable" owner="BuiltIn">
<msg time="2026-05-12T13:34:17.153431" level="INFO">${token} = eyJhbGciOiJIUzI1NiIsInR5cCI6IkpXVCJ9.eyJpZCI6IjZhMDM1Njg4OTU2Y2JlZmVhZjdiYmZkZSIsImlhdCI6MTc3ODYwMzY1NywiZXhwIjoxNzc4NjkwMDU3fQ.IyWsVzqoX70P91xfNDWZotSYhrNXl_GC-6ShXMORYJM</msg>
<var>${token}</var>
<arg>${json['data']['token']}</arg>
<doc>Returns the given values which can then be assigned to a variables.</doc>
<status status="PASS" start="2026-05-12T13:34:17.152424" elapsed="0.001053"/>
</kw>
<return>
<value>${token}</value>
<status status="PASS" start="2026-05-12T13:34:17.153572" elapsed="0.000081"/>
</return>
<msg time="2026-05-12T13:34:17.153877" level="INFO">${token} = eyJhbGciOiJIUzI1NiIsInR5cCI6IkpXVCJ9.eyJpZCI6IjZhMDM1Njg4OTU2Y2JlZmVhZjdiYmZkZSIsImlhdCI6MTc3ODYwMzY1NywiZXhwIjoxNzc4NjkwMDU3fQ.IyWsVzqoX70P91xfNDWZotSYhrNXl_GC-6ShXMORYJM</msg>
<var>${token}</var>
<status status="PASS" start="2026-05-12T13:34:16.918026" elapsed="0.235892"/>
</kw>
<kw name="Create Dictionary" owner="BuiltIn">
<msg time="2026-05-12T13:34:17.155207" level="INFO">${headers} = {'Authorization': 'Bearer eyJhbGciOiJIUzI1NiIsInR5cCI6IkpXVCJ9.eyJpZCI6IjZhMDM1Njg4OTU2Y2JlZmVhZjdiYmZkZSIsImlhdCI6MTc3ODYwMzY1NywiZXhwIjoxNzc4NjkwMDU3fQ.IyWsVzqoX70P91xfNDWZotSYhrNXl_GC-6ShXMORYJM'}</msg>
<var>${headers}</var>
<arg>Authorization=Bearer ${token}</arg>
<doc>Creates and returns a dictionary based on the given ``items``.</doc>
<status status="PASS" start="2026-05-12T13:34:17.154433" elapsed="0.000830"/>
</kw>
<kw name="Create Dictionary" owner="BuiltIn">
<msg time="2026-05-12T13:34:17.156278" level="INFO">${reservation} = {'session': '123', 'seats': 'A1'}</msg>
<var>${reservation}</var>
<arg>session=123</arg>
<arg>seats=A1</arg>
<doc>Creates and returns a dictionary based on the given ``items``.</doc>
<status status="PASS" start="2026-05-12T13:34:17.155605" elapsed="0.000731"/>
</kw>
<kw name="POST On Session" owner="RequestsLibrary">
<msg time="2026-05-12T13:34:17.166103" level="INFO">POST Request : url=http://localhost:3000/api/v1/reservations 
 path_url=/api/v1/reservations 
 headers={'User-Agent': 'python-requests/2.33.1', 'Accept-Encoding': 'gzip, deflate, zstd', 'Accept': '*/*', 'Connection': 'keep-alive', 'Authorization': 'Bearer eyJhbGciOiJIUzI1NiIsInR5cCI6IkpXVCJ9.eyJpZCI6IjZhMDM1Njg4OTU2Y2JlZmVhZjdiYmZkZSIsImlhdCI6MTc3ODYwMzY1NywiZXhwIjoxNzc4NjkwMDU3fQ.IyWsVzqoX70P91xfNDWZotSYhrNXl_GC-6ShXMORYJM', 'Content-Length': '33', 'Content-Type': 'application/json'} 
 body=b'{"session": "123", "seats": "A1"}' 
 </msg>
<msg time="2026-05-12T13:34:17.166299" level="INFO">POST Response : url=http://localhost:3000/api/v1/reservations 
 status=400, reason=Bad Request 
 headers={'X-Powered-By': 'Express', 'Access-Control-Allow-Origin': '*', 'Content-Type': 'application/json; charset=utf-8', 'Content-Length': '1694', 'ETag': 'W/"69e-/gzLfyrp2srxx4WhqFNND/G5Euk"', 'Date': 'Tue, 12 May 2026 16:34:17 GMT', 'Connection': 'keep-alive', 'Keep-Alive': 'timeout=5'} 
 body={"success":false,"message":"Resource not found","stack":"CastError: Cast to ObjectId failed for value \"123\" (type string) at path \"_id\" for model \"Session\"\n    at SchemaObjectId.cast (C:\\Users\\jeniffer.neves\\source\\repos\\API_CineTicket_Jeniffer_Ferraz\\backend\\node_modules\\mongoose\\lib\\schema\\objectId.js:251:11)\n    at SchemaType.applySetters (C:\\Users\\jeniffer.neves\\source\\repos\\API_CineTicket_Jeniffer_Ferraz\\backend\\node_modules\\mongoose\\lib\\schemaType.js:1255:12)\n    at SchemaType.castForQuery (C:\\Users\\jeniffer.neves\\source\\repos\\API_CineTicket_Jeniffer_Ferraz\\backend\\node_modules\\mongoose\\lib\\schemaType.js:1673:17)\n    at cast (C:\\Users\\jeniffer.neves\\source\\repos\\API_CineTicket_Jeniffer_Ferraz\\backend\\node_modules\\mongoose\\lib\\cast.js:390:32)\n    at Query.cast (C:\\Users\\jeniffer.neves\\source\\repos\\API_CineTicket_Jeniffer_Ferraz\\backend\\node_modules\\mongoose\\lib\\query.js:5055:12)\n    at Query._castConditions (C:\\Users\\jeniffer.neves\\source\\repos\\API_CineTicket_Jeniffer_Ferraz\\backend\\node_modules\\mongoose\\lib\\query.js:2351:10)\n    at model.Query._findOne (C:\\Users\\jeniffer.neves\\source\\repos\\API_CineTicket_Jeniffer_Ferraz\\backend\\node_modules\\mongoose\\lib\\query.js:2674:8)\n    at model.Query.exec (C:\\Users\\jeniffer.neves\\source\\repos\\API_CineTicket_Jeniffer_Ferraz\\backend\\node_modules\\mongoose\\lib\\query.js:4604:80)\n    at process.processTicksAndRejections (node:internal/process/task_queues:95:5)\n    at async exports.createReservation (C:\\Users\\jeniffer.neves\\source\\repos\\API_CineTicket_Jeniffer_Ferraz\\backend\\src\\controllers\\reservationController.js:137:21)"} 
 </msg>
<msg time="2026-05-12T13:34:17.166481" level="INFO">${res1} = &lt;Response [400]&gt;</msg>
<var>${res1}</var>
<arg>api</arg>
<arg>/api/v1/reservations</arg>
<arg>json=${reservation}</arg>
<arg>headers=${headers}</arg>
<arg>expected_status=any</arg>
<doc>Sends a POST request on a previously created HTTP Session.</doc>
<status status="PASS" start="2026-05-12T13:34:17.156743" elapsed="0.009806"/>
</kw>
<kw name="POST On Session" owner="RequestsLibrary">
<msg time="2026-05-12T13:34:17.176367" level="INFO">POST Request : url=http://localhost:3000/api/v1/reservations 
 path_url=/api/v1/reservations 
 headers={'User-Agent': 'python-requests/2.33.1', 'Accept-Encoding': 'gzip, deflate, zstd', 'Accept': '*/*', 'Connection': 'keep-alive', 'Authorization': 'Bearer eyJhbGciOiJIUzI1NiIsInR5cCI6IkpXVCJ9.eyJpZCI6IjZhMDM1Njg4OTU2Y2JlZmVhZjdiYmZkZSIsImlhdCI6MTc3ODYwMzY1NywiZXhwIjoxNzc4NjkwMDU3fQ.IyWsVzqoX70P91xfNDWZotSYhrNXl_GC-6ShXMORYJM', 'Content-Length': '33', 'Content-Type': 'application/json'} 
 body=b'{"session": "123", "seats": "A1"}' 
 </msg>
<msg time="2026-05-12T13:34:17.176523" level="INFO">POST Response : url=http://localhost:3000/api/v1/reservations 
 status=400, reason=Bad Request 
 headers={'X-Powered-By': 'Express', 'Access-Control-Allow-Origin': '*', 'Content-Type': 'application/json; charset=utf-8', 'Content-Length': '1694', 'ETag': 'W/"69e-/gzLfyrp2srxx4WhqFNND/G5Euk"', 'Date': 'Tue, 12 May 2026 16:34:17 GMT', 'Connection': 'keep-alive', 'Keep-Alive': 'timeout=5'} 
 body={"success":false,"message":"Resource not found","stack":"CastError: Cast to ObjectId failed for value \"123\" (type string) at path \"_id\" for model \"Session\"\n    at SchemaObjectId.cast (C:\\Users\\jeniffer.neves\\source\\repos\\API_CineTicket_Jeniffer_Ferraz\\backend\\node_modules\\mongoose\\lib\\schema\\objectId.js:251:11)\n    at SchemaType.applySetters (C:\\Users\\jeniffer.neves\\source\\repos\\API_CineTicket_Jeniffer_Ferraz\\backend\\node_modules\\mongoose\\lib\\schemaType.js:1255:12)\n    at SchemaType.castForQuery (C:\\Users\\jeniffer.neves\\source\\repos\\API_CineTicket_Jeniffer_Ferraz\\backend\\node_modules\\mongoose\\lib\\schemaType.js:1673:17)\n    at cast (C:\\Users\\jeniffer.neves\\source\\repos\\API_CineTicket_Jeniffer_Ferraz\\backend\\node_modules\\mongoose\\lib\\cast.js:390:32)\n    at Query.cast (C:\\Users\\jeniffer.neves\\source\\repos\\API_CineTicket_Jeniffer_Ferraz\\backend\\node_modules\\mongoose\\lib\\query.js:5055:12)\n    at Query._castConditions (C:\\Users\\jeniffer.neves\\source\\repos\\API_CineTicket_Jeniffer_Ferraz\\backend\\node_modules\\mongoose\\lib\\query.js:2351:10)\n    at model.Query._findOne (C:\\Users\\jeniffer.neves\\source\\repos\\API_CineTicket_Jeniffer_Ferraz\\backend\\node_modules\\mongoose\\lib\\query.js:2674:8)\n    at model.Query.exec (C:\\Users\\jeniffer.neves\\source\\repos\\API_CineTicket_Jeniffer_Ferraz\\backend\\node_modules\\mongoose\\lib\\query.js:4604:80)\n    at process.processTicksAndRejections (node:internal/process/task_queues:95:5)\n    at async exports.createReservation (C:\\Users\\jeniffer.neves\\source\\repos\\API_CineTicket_Jeniffer_Ferraz\\backend\\src\\controllers\\reservationController.js:137:21)"} 
 </msg>
<msg time="2026-05-12T13:34:17.176744" level="INFO">${res} = &lt;Response [400]&gt;</msg>
<var>${res}</var>
<arg>api</arg>
<arg>/api/v1/reservations</arg>
<arg>json=${reservation}</arg>
<arg>headers=${headers}</arg>
<arg>expected_status=any</arg>
<doc>Sends a POST request on a previously created HTTP Session.</doc>
<status status="PASS" start="2026-05-12T13:34:17.167023" elapsed="0.009763"/>
</kw>
<kw name="Should Be True" owner="BuiltIn">
<arg>${res.status_code} == 400 or ${res.status_code} == 409</arg>
<doc>Fails if the given condition is not true.</doc>
<status status="PASS" start="2026-05-12T13:34:17.177346" elapsed="0.001531"/>
</kw>
<status status="PASS" start="2026-05-12T13:34:16.910274" elapsed="0.268967"/>
</test>
<test id="s1-t4" name="Criar reserva com token inválido" line="77">
<kw name="Create Session" owner="RequestsLibrary">
<msg time="2026-05-12T13:34:17.181174" level="INFO">Creating Session using : alias=api, url=http://localhost:3000, headers={},                     cookies={}, auth=None, timeout=None, proxies=None, verify=False,                     debug=0 </msg>
<arg>api</arg>
<arg>${BASE_URL}</arg>
<doc>Create Session: create a HTTP session to a server</doc>
<status status="PASS" start="2026-05-12T13:34:17.180706" elapsed="0.000751"/>
</kw>
<kw name="Create Dictionary" owner="BuiltIn">
<msg time="2026-05-12T13:34:17.182527" level="INFO">${headers} = {'Authorization': 'Bearer token_fake'}</msg>
<var>${headers}</var>
<arg>Authorization=Bearer token_fake</arg>
<doc>Creates and returns a dictionary based on the given ``items``.</doc>
<status status="PASS" start="2026-05-12T13:34:17.181984" elapsed="0.000591"/>
</kw>
<kw name="Create Dictionary" owner="BuiltIn">
<msg time="2026-05-12T13:34:17.183862" level="INFO">${reservation} = {'session': '123', 'seats': []}</msg>
<var>${reservation}</var>
<arg>session=123</arg>
<arg>seats=@{EMPTY}</arg>
<doc>Creates and returns a dictionary based on the given ``items``.</doc>
<status status="PASS" start="2026-05-12T13:34:17.182978" elapsed="0.000931"/>
</kw>
<kw name="POST On Session" owner="RequestsLibrary">
<msg time="2026-05-12T13:34:17.190252" level="INFO">POST Request : url=http://localhost:3000/api/v1/reservations 
 path_url=/api/v1/reservations 
 headers={'User-Agent': 'python-requests/2.33.1', 'Accept-Encoding': 'gzip, deflate, zstd', 'Accept': '*/*', 'Connection': 'keep-alive', 'Authorization': 'Bearer token_fake', 'Content-Length': '31', 'Content-Type': 'application/json'} 
 body=b'{"session": "123", "seats": []}' 
 </msg>
<msg time="2026-05-12T13:34:17.190361" level="INFO">POST Response : url=http://localhost:3000/api/v1/reservations 
 status=401, reason=Unauthorized 
 headers={'X-Powered-By': 'Express', 'Access-Control-Allow-Origin': '*', 'Content-Type': 'application/json; charset=utf-8', 'Content-Length': '65', 'ETag': 'W/"41-TJq3LYiwj1On+7IZ17oLU5tM1Zs"', 'Date': 'Tue, 12 May 2026 16:34:17 GMT', 'Connection': 'keep-alive', 'Keep-Alive': 'timeout=5'} 
 body={"success":false,"message":"Not authorized to access this route"} 
 </msg>
<msg time="2026-05-12T13:34:17.190480" level="INFO">${res} = &lt;Response [401]&gt;</msg>
<var>${res}</var>
<arg>api</arg>
<arg>/api/v1/reservations</arg>
<arg>json=${reservation}</arg>
<arg>headers=${headers}</arg>
<arg>expected_status=any</arg>
<doc>Sends a POST request on a previously created HTTP Session.</doc>
<status status="PASS" start="2026-05-12T13:34:17.184304" elapsed="0.006200"/>
</kw>
<kw name="Should Be Equal As Integers" owner="BuiltIn">
<msg time="2026-05-12T13:34:17.191756" level="INFO">Argument types are:
&lt;class 'int'&gt;
&lt;class 'str'&gt;</msg>
<arg>${res.status_code}</arg>
<arg>401</arg>
<doc>Fails if objects are unequal after converting them to integers.</doc>
<status status="PASS" start="2026-05-12T13:34:17.190919" elapsed="0.000914"/>
</kw>
<status status="PASS" start="2026-05-12T13:34:17.179770" elapsed="0.012386"/>
</test>
<test id="s1-t5" name="Criar reserva com sessão inexistente" line="96">
<kw name="Create Session" owner="RequestsLibrary">
<msg time="2026-05-12T13:34:17.193217" level="INFO">Creating Session using : alias=api, url=http://localhost:3000, headers={},                     cookies={}, auth=None, timeout=None, proxies=None, verify=False,                     debug=0 </msg>
<arg>api</arg>
<arg>${BASE_URL}</arg>
<doc>Create Session: create a HTTP session to a server</doc>
<status status="PASS" start="2026-05-12T13:34:17.193028" elapsed="0.000354"/>
</kw>
<kw name="Criar Usuario E Retornar Token">
<kw name="Generate Random String" owner="String">
<msg time="2026-05-12T13:34:17.194303" level="INFO">${random} = 49439</msg>
<var>${random}</var>
<arg>5</arg>
<arg>0123456789</arg>
<doc>Generates a string with a desired ``length`` from the given ``chars``.</doc>
<status status="PASS" start="2026-05-12T13:34:17.194094" elapsed="0.000243"/>
</kw>
<kw name="Set Variable" owner="BuiltIn">
<msg time="2026-05-12T13:34:17.194837" level="INFO">${email} = user_49439@email.com</msg>
<var>${email}</var>
<arg>user_${random}@email.com</arg>
<doc>Returns the given values which can then be assigned to a variables.</doc>
<status status="PASS" start="2026-05-12T13:34:17.194492" elapsed="0.000407"/>
</kw>
<kw name="Create Dictionary" owner="BuiltIn">
<msg time="2026-05-12T13:34:17.195420" level="INFO">${user} = {'name': 'User', 'email': 'user_49439@email.com', 'password': '123456'}</msg>
<var>${user}</var>
<arg>name=User</arg>
<arg>email=${email}</arg>
<arg>password=123456</arg>
<doc>Creates and returns a dictionary based on the given ``items``.</doc>
<status status="PASS" start="2026-05-12T13:34:17.194998" elapsed="0.000452"/>
</kw>
<kw name="POST On Session" owner="RequestsLibrary">
<msg time="2026-05-12T13:34:17.300793" level="INFO">POST Request : url=http://localhost:3000/api/v1/setup/admin 
 path_url=/api/v1/setup/admin 
 headers={'User-Agent': 'python-requests/2.33.1', 'Accept-Encoding': 'gzip, deflate, zstd', 'Accept': '*/*', 'Connection': 'keep-alive', 'Content-Length': '71', 'Content-Type': 'application/json'} 
 body=b'{"name": "User", "email": "user_49439@email.com", "password": "123456"}' 
 </msg>
<msg time="2026-05-12T13:34:17.300955" level="INFO">POST Response : url=http://localhost:3000/api/v1/setup/admin 
 status=201, reason=Created 
 headers={'X-Powered-By': 'Express', 'Access-Control-Allow-Origin': '*', 'Content-Type': 'application/json; charset=utf-8', 'Content-Length': '162', 'ETag': 'W/"a2-298FW4sOjgxs2KAk0tgsbxwKH6E"', 'Date': 'Tue, 12 May 2026 16:34:17 GMT', 'Connection': 'keep-alive', 'Keep-Alive': 'timeout=5'} 
 body={"success":true,"message":"Admin user created successfully","data":{"_id":"6a035689956cbefeaf7bbfe4","name":"User","email":"user_49439@email.com","role":"admin"}} 
 </msg>
<arg>api</arg>
<arg>/api/v1/setup/admin</arg>
<arg>json=${user}</arg>
<arg>expected_status=any</arg>
<doc>Sends a POST request on a previously created HTTP Session.</doc>
<status status="PASS" start="2026-05-12T13:34:17.195549" elapsed="0.105536"/>
</kw>
<kw name="Create Dictionary" owner="BuiltIn">
<msg time="2026-05-12T13:34:17.302354" level="INFO">${login} = {'email': 'user_49439@email.com', 'password': '123456'}</msg>
<var>${login}</var>
<arg>email=${email}</arg>
<arg>password=123456</arg>
<doc>Creates and returns a dictionary based on the given ``items``.</doc>
<status status="PASS" start="2026-05-12T13:34:17.301378" elapsed="0.001035"/>
</kw>
<kw name="POST On Session" owner="RequestsLibrary">
<msg time="2026-05-12T13:34:17.467190" level="INFO">POST Request : url=http://localhost:3000/api/v1/auth/login 
 path_url=/api/v1/auth/login 
 headers={'User-Agent': 'python-requests/2.33.1', 'Accept-Encoding': 'gzip, deflate, zstd', 'Accept': '*/*', 'Connection': 'keep-alive', 'Content-Length': '55', 'Content-Type': 'application/json'} 
 body=b'{"email": "user_49439@email.com", "password": "123456"}' 
 </msg>
<msg time="2026-05-12T13:34:17.467342" level="INFO">POST Response : url=http://localhost:3000/api/v1/auth/login 
 status=200, reason=OK 
 headers={'X-Powered-By': 'Express', 'Access-Control-Allow-Origin': '*', 'Content-Type': 'application/json; charset=utf-8', 'Content-Length': '300', 'ETag': 'W/"12c-8wGu6oh8DyD+Xw7Nj9C0ccUdmsE"', 'Date': 'Tue, 12 May 2026 16:34:17 GMT', 'Connection': 'keep-alive', 'Keep-Alive': 'timeout=5'} 
 body={"success":true,"data":{"_id":"6a035689956cbefeaf7bbfe4","name":"User","email":"user_49439@email.com","role":"admin","token":"eyJhbGciOiJIUzI1NiIsInR5cCI6IkpXVCJ9.eyJpZCI6IjZhMDM1Njg5OTU2Y2JlZmVhZjdiYmZlNCIsImlhdCI6MTc3ODYwMzY1NywiZXhwIjoxNzc4NjkwMDU3fQ.7DYSV882eEXEa4C393f_uj61q62a17VqeaoeFQ-5320"}} 
 </msg>
<msg time="2026-05-12T13:34:17.467591" level="INFO">${res_login} = &lt;Response [200]&gt;</msg>
<var>${res_login}</var>
<arg>api</arg>
<arg>/api/v1/auth/login</arg>
<arg>json=${login}</arg>
<arg>expected_status=any</arg>
<doc>Sends a POST request on a previously created HTTP Session.</doc>
<status status="PASS" start="2026-05-12T13:34:17.302639" elapsed="0.165004"/>
</kw>
<kw name="Set Variable" owner="BuiltIn">
<msg time="2026-05-12T13:34:17.469135" level="INFO">${json} = {'success': True, 'data': {'_id': '6a035689956cbefeaf7bbfe4', 'name': 'User', 'email': 'user_49439@email.com', 'role': 'admin', 'token': 'eyJhbGciOiJIUzI1NiIsInR5cCI6IkpXVCJ9.eyJpZCI6IjZhMDM1Njg5OTU2Y...</msg>
<var>${json}</var>
<arg>${res_login.json()}</arg>
<doc>Returns the given values which can then be assigned to a variables.</doc>
<status status="PASS" start="2026-05-12T13:34:17.467915" elapsed="0.001272"/>
</kw>
<kw name="Set Variable" owner="BuiltIn">
<msg time="2026-05-12T13:34:17.470331" level="INFO">${token} = eyJhbGciOiJIUzI1NiIsInR5cCI6IkpXVCJ9.eyJpZCI6IjZhMDM1Njg5OTU2Y2JlZmVhZjdiYmZlNCIsImlhdCI6MTc3ODYwMzY1NywiZXhwIjoxNzc4NjkwMDU3fQ.7DYSV882eEXEa4C393f_uj61q62a17VqeaoeFQ-5320</msg>
<var>${token}</var>
<arg>${json['data']['token']}</arg>
<doc>Returns the given values which can then be assigned to a variables.</doc>
<status status="PASS" start="2026-05-12T13:34:17.469378" elapsed="0.001000"/>
</kw>
<return>
<value>${token}</value>
<status status="PASS" start="2026-05-12T13:34:17.470469" elapsed="0.000059"/>
</return>
<msg time="2026-05-12T13:34:17.470742" level="INFO">${token} = eyJhbGciOiJIUzI1NiIsInR5cCI6IkpXVCJ9.eyJpZCI6IjZhMDM1Njg5OTU2Y2JlZmVhZjdiYmZlNCIsImlhdCI6MTc3ODYwMzY1NywiZXhwIjoxNzc4NjkwMDU3fQ.7DYSV882eEXEa4C393f_uj61q62a17VqeaoeFQ-5320</msg>
<var>${token}</var>
<status status="PASS" start="2026-05-12T13:34:17.193794" elapsed="0.276990"/>
</kw>
<kw name="Create Dictionary" owner="BuiltIn">
<msg time="2026-05-12T13:34:17.471947" level="INFO">${headers} = {'Authorization': 'Bearer eyJhbGciOiJIUzI1NiIsInR5cCI6IkpXVCJ9.eyJpZCI6IjZhMDM1Njg5OTU2Y2JlZmVhZjdiYmZlNCIsImlhdCI6MTc3ODYwMzY1NywiZXhwIjoxNzc4NjkwMDU3fQ.7DYSV882eEXEa4C393f_uj61q62a17VqeaoeFQ-5320'}</msg>
<var>${headers}</var>
<arg>Authorization=Bearer ${token}</arg>
<doc>Creates and returns a dictionary based on the given ``items``.</doc>
<status status="PASS" start="2026-05-12T13:34:17.471263" elapsed="0.000739"/>
</kw>
<kw name="Create Dictionary" owner="BuiltIn">
<msg time="2026-05-12T13:34:17.472968" level="INFO">${seat} = {'row': 'A', 'number': '1', 'type': 'full'}</msg>
<var>${seat}</var>
<arg>row=A</arg>
<arg>number=1</arg>
<arg>type=full</arg>
<doc>Creates and returns a dictionary based on the given ``items``.</doc>
<status status="PASS" start="2026-05-12T13:34:17.472447" elapsed="0.000564"/>
</kw>
<kw name="Create List" owner="BuiltIn">
<msg time="2026-05-12T13:34:17.473898" level="INFO">${seats} = [{'row': 'A', 'number': '1', 'type': 'full'}]</msg>
<var>${seats}</var>
<arg>${seat}</arg>
<doc>Returns a list containing given items.</doc>
<status status="PASS" start="2026-05-12T13:34:17.473405" elapsed="0.000539"/>
</kw>
<kw name="Create Dictionary" owner="BuiltIn">
<msg time="2026-05-12T13:34:17.474891" level="INFO">${reservation} = {'session': '999999999999', 'seats': [{'row': 'A', 'number': '1', 'type': 'full'}], 'paymentMethod': 'credit_card'}</msg>
<var>${reservation}</var>
<arg>session=999999999999</arg>
<arg>seats=${seats}</arg>
<arg>paymentMethod=credit_card</arg>
<doc>Creates and returns a dictionary based on the given ``items``.</doc>
<status status="PASS" start="2026-05-12T13:34:17.474318" elapsed="0.000617"/>
</kw>
<kw name="POST On Session" owner="RequestsLibrary">
<msg time="2026-05-12T13:34:17.488729" level="INFO">POST Request : url=http://localhost:3000/api/v1/reservations 
 path_url=/api/v1/reservations 
 headers={'User-Agent': 'python-requests/2.33.1', 'Accept-Encoding': 'gzip, deflate, zstd', 'Accept': '*/*', 'Connection': 'keep-alive', 'Authorization': 'Bearer eyJhbGciOiJIUzI1NiIsInR5cCI6IkpXVCJ9.eyJpZCI6IjZhMDM1Njg5OTU2Y2JlZmVhZjdiYmZlNCIsImlhdCI6MTc3ODYwMzY1NywiZXhwIjoxNzc4NjkwMDU3fQ.7DYSV882eEXEa4C393f_uj61q62a17VqeaoeFQ-5320', 'Content-Length': '115', 'Content-Type': 'application/json'} 
 body=b'{"session": "999999999999", "seats": [{"row": "A", "number": "1", "type": "full"}], "paymentMethod": "credit_card"}' 
 </msg>
<msg time="2026-05-12T13:34:17.488891" level="INFO">POST Response : url=http://localhost:3000/api/v1/reservations 
 status=400, reason=Bad Request 
 headers={'X-Powered-By': 'Express', 'Access-Control-Allow-Origin': '*', 'Content-Type': 'application/json; charset=utf-8', 'Content-Length': '1703', 'ETag': 'W/"6a7-CcES3ADNs9uV1y/gP4htsiJWdfY"', 'Date': 'Tue, 12 May 2026 16:34:17 GMT', 'Connection': 'keep-alive', 'Keep-Alive': 'timeout=5'} 
 body={"success":false,"message":"Resource not found","stack":"CastError: Cast to ObjectId failed for value \"999999999999\" (type string) at path \"_id\" for model \"Session\"\n    at SchemaObjectId.cast (C:\\Users\\jeniffer.neves\\source\\repos\\API_CineTicket_Jeniffer_Ferraz\\backend\\node_modules\\mongoose\\lib\\schema\\objectId.js:251:11)\n    at SchemaType.applySetters (C:\\Users\\jeniffer.neves\\source\\repos\\API_CineTicket_Jeniffer_Ferraz\\backend\\node_modules\\mongoose\\lib\\schemaType.js:1255:12)\n    at SchemaType.castForQuery (C:\\Users\\jeniffer.neves\\source\\repos\\API_CineTicket_Jeniffer_Ferraz\\backend\\node_modules\\mongoose\\lib\\schemaType.js:1673:17)\n    at cast (C:\\Users\\jeniffer.neves\\source\\repos\\API_CineTicket_Jeniffer_Ferraz\\backend\\node_modules\\mongoose\\lib\\cast.js:390:32)\n    at Query.cast (C:\\Users\\jeniffer.neves\\source\\repos\\API_CineTicket_Jeniffer_Ferraz\\backend\\node_modules\\mongoose\\lib\\query.js:5055:12)\n    at Query._castConditions (C:\\Users\\jeniffer.neves\\source\\repos\\API_CineTicket_Jeniffer_Ferraz\\backend\\node_modules\\mongoose\\lib\\query.js:2351:10)\n    at model.Query._findOne (C:\\Users\\jeniffer.neves\\source\\repos\\API_CineTicket_Jeniffer_Ferraz\\backend\\node_modules\\mongoose\\lib\\query.js:2674:8)\n    at model.Query.exec (C:\\Users\\jeniffer.neves\\source\\repos\\API_CineTicket_Jeniffer_Ferraz\\backend\\node_modules\\mongoose\\lib\\query.js:4604:80)\n    at process.processTicksAndRejections (node:internal/process/task_queues:95:5)\n    at async exports.createReservation (C:\\Users\\jeniffer.neves\\source\\repos\\API_CineTicket_Jeniffer_Ferraz\\backend\\src\\controllers\\reservationController.js:137:21)"} 
 </msg>
<msg time="2026-05-12T13:34:17.489164" level="INFO">${res} = &lt;Response [400]&gt;</msg>
<var>${res}</var>
<arg>api</arg>
<arg>/api/v1/reservations</arg>
<arg>json=${reservation}</arg>
<arg>headers=${headers}</arg>
<arg>expected_status=any</arg>
<doc>Sends a POST request on a previously created HTTP Session.</doc>
<status status="PASS" start="2026-05-12T13:34:17.475378" elapsed="0.013832"/>
</kw>
<kw name="Should Be True" owner="BuiltIn">
<arg>${res.status_code} == 400 or ${res.status_code} == 404</arg>
<doc>Fails if the given condition is not true.</doc>
<status status="PASS" start="2026-05-12T13:34:17.489744" elapsed="0.002371"/>
</kw>
<status status="PASS" start="2026-05-12T13:34:17.192631" elapsed="0.299957"/>
</test>
<status status="PASS" start="2026-05-12T13:34:16.404935" elapsed="1.089072"/>
</suite>
<statistics>
<total>
<stat pass="5" fail="0" skip="0">All Tests</stat>
</total>
<tag>
</tag>
<suite>
<stat name="Reserva 02" id="s1" pass="5" fail="0" skip="0">Reserva 02</stat>
</suite>
</statistics>
<errors>
</errors>
</robot>
